<?xml version="1.0" encoding="utf-8"?><testsuites name="pytest tests"><testsuite name="pytest" errors="0" failures="0" skipped="0" tests="15" time="28.783" timestamp="2026-04-29T18:58:32.347969+00:00" hostname="agent-env-77c967df-ec33-4fd4-80d0-c22c12472efb"><testcase classname="backend.tests.test_steampunk_books" name="test_healthcheck" time="0.209" /><testcase classname="backend.tests.test_steampunk_books" name="test_auth_me_no_token_returns_401" time="0.124" /><testcase classname="backend.tests.test_steampunk_books" name="test_auth_me_invalid_token_returns_401" time="0.127" /><testcase classname="backend.tests.test_steampunk_books" name="test_auth_me_with_valid_token" time="0.149" /><testcase classname="backend.tests.test_steampunk_books" name="test_auth_lang_update" time="0.353" /><testcase classname="backend.tests.test_steampunk_books" name="test_auth_lang_invalid_value" time="0.115" /><testcase classname="backend.tests.test_steampunk_books" name="test_books_feed_returns_3_books" time="0.140" /><testcase classname="backend.tests.test_steampunk_books" name="test_books_interact_like_and_dislike" time="0.286" /><testcase classname="backend.tests.test_steampunk_books" name="test_books_interact_invalid_action" time="0.227" /><testcase classname="backend.tests.test_steampunk_books" name="test_get_favorites_returns_liked" time="0.109" /><testcase classname="backend.tests.test_steampunk_books" name="test_feed_pagination_excludes_interacted" time="24.282" /><testcase classname="backend.tests.test_steampunk_books" name="test_delete_favorite" time="0.247" /><testcase classname="backend.tests.test_steampunk_books" name="test_books_reset_clears_dislikes" time="0.118" /><testcase classname="backend.tests.test_steampunk_books" name="test_tts_returns_base64" time="1.677" /><testcase classname="backend.tests.test_steampunk_books" name="test_logout_clears_session" time="0.441" /></testsuite></testsuites>